# JRE version: OpenJDK Runtime Environment (17.0.6) (build 17.0.6+0-b2043.56-9586694)
# Java VM: OpenJDK 64-Bit Server VM (17.0.6+0-b2043.56-9586694, mixed mode, tiered, compressed oops, compressed class ptrs, g1 gc, windows-amd64)
GC Precious Log:
 CPUs: 8 total, 8 available
 Memory: 6134M
 Large Page Support: Disabled
 NUMA Support: Disabled
 Compressed Oops: Enabled (32-bit)
 Heap Region Size: 1M
 Heap Min Capacity: 8M
 Heap Initial Capacity: 96M
 Heap Max Capacity: 2G
 Pre-touch: Disabled
 Parallel Workers: 8
 Concurrent Workers: 2
 Concurrent Refinement Workers: 8
 Periodic GC: Disabled
Heap:
 garbage-first heap   total 414720K, used 326038K [0x0000000080000000, 0x0000000100000000)
  region size 1024K, 19 young (19456K), 5 survivors (5120K)
 Metaspace       used 136687K, committed 138048K, reserved 1171456K
  class space    used 17943K, committed 18560K, reserved 1048576K
GC Heap History (20 events):
Event: 225.426 GC heap before
{Heap before GC invocations=86 (full 0):
 garbage-first heap   total 414720K, used 344900K [0x0000000080000000, 0x0000000100000000)
  region size 1024K, 88 young (90112K), 12 survivors (12288K)
 Metaspace       used 134624K, committed 135936K, reserved 1171456K
  class space    used 17709K, committed 18304K, reserved 1048576K
}
Event: 225.475 GC heap after
{Heap after GC invocations=87 (full 0):
 garbage-first heap   total 414720K, used 278732K [0x0000000080000000, 0x0000000100000000)
  region size 1024K, 11 young (11264K), 11 survivors (11264K)
 Metaspace       used 134624K, committed 135936K, reserved 1171456K
  class space    used 17709K, committed 18304K, reserved 1048576K
}
Event: 231.614 GC heap before
{Heap before GC invocations=87 (full 0):
 garbage-first heap   total 414720K, used 345292K [0x0000000080000000, 0x0000000100000000)
  region size 1024K, 77 young (78848K), 11 survivors (11264K)
 Metaspace       used 135358K, committed 136576K, reserved 1171456K
  class space    used 17833K, committed 18432K, reserved 1048576K
}
Event: 231.638 GC heap after
{Heap after GC invocations=88 (full 0):
 garbage-first heap   total 414720K, used 283910K [0x0000000080000000, 0x0000000100000000)
  region size 1024K, 6 young (6144K), 6 survivors (6144K)
 Metaspace       used 135358K, committed 136576K, reserved 1171456K
  class space    used 17833K, committed 18432K, reserved 1048576K
}
Event: 233.180 GC heap before
{Heap before GC invocations=88 (full 0):
 garbage-first heap   total 414720K, used 349446K [0x0000000080000000, 0x0000000100000000)
  region size 1024K, 70 young (71680K), 6 survivors (6144K)
 Metaspace       used 135640K, committed 136960K, reserved 1171456K
  class space    used 17853K, committed 18496K, reserved 1048576K
}
Event: 233.211 GC heap after
{Heap after GC invocations=89 (full 0):
 garbage-first heap   total 414720K, used 293633K [0x0000000080000000, 0x0000000100000000)
  region size 1024K, 9 young (9216K), 9 survivors (9216K)
 Metaspace       used 135640K, committed 136960K, reserved 1171456K
  class space    used 17853K, committed 18496K, reserved 1048576K
}
Event: 234.503 GC heap before
{Heap before GC invocations=89 (full 0):
 garbage-first heap   total 414720K, used 348929K [0x0000000080000000, 0x0000000100000000)
  region size 1024K, 64 young (65536K), 9 survivors (9216K)
 Metaspace       used 135868K, committed 137280K, reserved 1171456K
  class space    used 17889K, committed 18560K, reserved 1048576K
}
Event: 234.535 GC heap after
{Heap after GC invocations=90 (full 0):
 garbage-first heap   total 414720K, used 299215K [0x0000000080000000, 0x0000000100000000)
  region size 1024K, 6 young (6144K), 6 survivors (6144K)
 Metaspace       used 135868K, committed 137280K, reserved 1171456K
  class space    used 17889K, committed 18560K, reserved 1048576K
}
Event: 238.501 GC heap before
{Heap before GC invocations=90 (full 0):
 garbage-first heap   total 414720K, used 351439K [0x0000000080000000, 0x0000000100000000)
  region size 1024K, 58 young (59392K), 6 survivors (6144K)
 Metaspace       used 135951K, committed 137344K, reserved 1171456K
  class space    used 17896K, committed 18560K, reserved 1048576K
}
Event: 238.522 GC heap after
{Heap after GC invocations=91 (full 0):
 garbage-first heap   total 414720K, used 304542K [0x0000000080000000, 0x0000000100000000)
  region size 1024K, 5 young (5120K), 5 survivors (5120K)
 Metaspace       used 135951K, committed 137344K, reserved 1171456K
  class space    used 17896K, committed 18560K, reserved 1048576K
}
Event: 240.127 GC heap before
{Heap before GC invocations=91 (full 0):
 garbage-first heap   total 414720K, used 353694K [0x0000000080000000, 0x0000000100000000)
  region size 1024K, 54 young (55296K), 5 survivors (5120K)
 Metaspace       used 136034K, committed 137408K, reserved 1171456K
  class space    used 17905K, committed 18560K, reserved 1048576K
}
Event: 240.143 GC heap after
{Heap after GC invocations=92 (full 0):
 garbage-first heap   total 414720K, used 307092K [0x0000000080000000, 0x0000000100000000)
  region size 1024K, 3 young (3072K), 3 survivors (3072K)
 Metaspace       used 136034K, committed 137408K, reserved 1171456K
  class space    used 17905K, committed 18560K, reserved 1048576K
}
Event: 241.951 GC heap before
{Heap before GC invocations=92 (full 0):
 garbage-first heap   total 414720K, used 356244K [0x0000000080000000, 0x0000000100000000)
  region size 1024K, 52 young (53248K), 3 survivors (3072K)
 Metaspace       used 136390K, committed 137728K, reserved 1171456K
  class space    used 17924K, committed 18560K, reserved 1048576K
}
Event: 241.963 GC heap after
{Heap after GC invocations=93 (full 0):
 garbage-first heap   total 414720K, used 309180K [0x0000000080000000, 0x0000000100000000)
  region size 1024K, 5 young (5120K), 5 survivors (5120K)
 Metaspace       used 136390K, committed 137728K, reserved 1171456K
  class space    used 17924K, committed 18560K, reserved 1048576K
}
Event: 243.945 GC heap before
{Heap before GC invocations=93 (full 0):
 garbage-first heap   total 414720K, used 358332K [0x0000000080000000, 0x0000000100000000)
  region size 1024K, 54 young (55296K), 5 survivors (5120K)
 Metaspace       used 136596K, committed 137920K, reserved 1171456K
  class space    used 17942K, committed 18560K, reserved 1048576K
}
Event: 243.964 GC heap after
{Heap after GC invocations=94 (full 0):
 garbage-first heap   total 414720K, used 312800K [0x0000000080000000, 0x0000000100000000)
  region size 1024K, 7 young (7168K), 7 survivors (7168K)
 Metaspace       used 136596K, committed 137920K, reserved 1171456K
  class space    used 17942K, committed 18560K, reserved 1048576K
}
Event: 244.866 GC heap before
{Heap before GC invocations=94 (full 0):
 garbage-first heap   total 414720K, used 357856K [0x0000000080000000, 0x0000000100000000)
  region size 1024K, 52 young (53248K), 7 survivors (7168K)
 Metaspace       used 136627K, committed 137920K, reserved 1171456K
  class space    used 17943K, committed 18560K, reserved 1048576K
}
Event: 244.880 GC heap after
{Heap after GC invocations=95 (full 0):
 garbage-first heap   total 414720K, used 314694K [0x0000000080000000, 0x0000000100000000)
  region size 1024K, 3 young (3072K), 3 survivors (3072K)
 Metaspace       used 136627K, committed 137920K, reserved 1171456K
  class space    used 17943K, committed 18560K, reserved 1048576K
}
Event: 245.735 GC heap before
{Heap before GC invocations=95 (full 0):
 garbage-first heap   total 414720K, used 360774K [0x0000000080000000, 0x0000000100000000)
  region size 1024K, 49 young (50176K), 3 survivors (3072K)
 Metaspace       used 136686K, committed 138048K, reserved 1171456K
  class space    used 17943K, committed 18560K, reserved 1048576K
}
Event: 245.745 GC heap after
{Heap after GC invocations=96 (full 0):
 garbage-first heap   total 414720K, used 316822K [0x0000000080000000, 0x0000000100000000)
  region size 1024K, 5 young (5120K), 5 survivors (5120K)
 Metaspace       used 136686K, committed 138048K, reserved 1171456K
  class space    used 17943K, committed 18560K, reserved 1048576K
}

